<?xml version="1.0" encoding="UTF-8"?>
<testsuite xmlns:xsi="http://www.w3.org/2001/XMLSchema-instance" xsi:noNamespaceSchemaLocation="https://maven.apache.org/surefire/maven-surefire-plugin/xsd/surefire-test-report-3.0.xsd" version="3.0" name="org.hsos.AllTests" time="50.5" tests="10" errors="0" skipped="0" failures="0">
  <properties>
[...]
</properties>
  <testcase name="testAddAndGetKunde" classname="org.hsos.AllTests" time="2.294">
    <system-out><![CDATA[2024-02-18 21:38:31,646 INFO  [org.tes.doc.DockerClientProviderStrategy] (build-6) Loaded org.testcontainers.dockerclient.UnixSocketClientProviderStrategy from ~/.testcontainers.properties, will try it first
2024-02-18 21:38:32,284 INFO  [org.tes.doc.DockerClientProviderStrategy] (build-6) Found Docker environment with local Unix socket (unix:///var/run/docker.sock)
2024-02-18 21:38:32,286 INFO  [org.tes.DockerClientFactory] (build-6) Docker host IP address is localhost
2024-02-18 21:38:32,310 INFO  [org.tes.DockerClientFactory] (build-6) Connected to docker: 
  Server Version: 24.0.6
  API Version: 1.43
  Operating System: Docker Desktop
  Total Memory: 3932 MB
2024-02-18 21:38:32,325 INFO  [org.tes.ima.PullPolicy] (build-6) Image pull policy will be performed by: DefaultPullPolicy()
2024-02-18 21:38:32,327 INFO  [org.tes.uti.ImageNameSubstitutor] (build-6) Image name substitution will be performed by: DefaultImageNameSubstitutor (composite of 'ConfigurationFileImageNameSubstitutor' and 'PrefixingImageNameSubstitutor')
2024-02-18 21:38:32,368 INFO  [org.tes.DockerClientFactory] (build-6) Checking the system...
2024-02-18 21:38:32,369 INFO  [org.tes.DockerClientFactory] (build-6) ✔︎ Docker server version should be at least 1.6.0
2024-02-18 21:38:32,554 INFO  [tc.doc.io/postgres:14] (build-6) Creating container for image: docker.io/postgres:14
2024-02-18 21:38:32,877 INFO  [io.qua.oid.dep.dev.key.KeycloakDevServicesProcessor] (build-3) Using Quarkus powered Keycloak distribution
2024-02-18 21:38:32,878 INFO  [tc.qua.io/.0.4] (build-3) Creating container for image: quay.io/keycloak/keycloak:23.0.4
2024-02-18 21:38:33,624 INFO  [org.tes.uti.RegistryAuthLocator] (build-6) Credential helper/store (docker-credential-desktop) does not have credentials for docker.io
2024-02-18 21:38:33,635 WARN  [tc.doc.io/postgres:14] (build-6) Reuse was requested but the environment does not support the reuse of containers
To enable reuse of containers, you must set 'testcontainers.reuse.enable=true' in a file located at /Users/malik/.testcontainers.properties
2024-02-18 21:38:33,636 INFO  [tc.tes.6.0] (build-6) Creating container for image: testcontainers/ryuk:0.6.0
2024-02-18 21:38:33,649 INFO  [org.tes.uti.RegistryAuthLocator] (build-3) Credential helper/store (docker-credential-desktop) does not have credentials for quay.io
2024-02-18 21:38:33,971 INFO  [org.tes.uti.RegistryAuthLocator] (build-6) Credential helper/store (docker-credential-desktop) does not have credentials for https://index.docker.io/v1/
2024-02-18 21:38:34,211 INFO  [tc.tes.6.0] (build-6) Container testcontainers/ryuk:0.6.0 is starting: d9285440bd33527a53cb499c87d10f7c4018fb357cc7c4d1996e53637c75d5c4
2024-02-18 21:38:34,993 INFO  [tc.tes.6.0] (build-6) Container testcontainers/ryuk:0.6.0 started in PT1.356857S
2024-02-18 21:38:35,056 INFO  [tc.qua.io/.0.4] (build-3) Container quay.io/keycloak/keycloak:23.0.4 is starting: 3911d9a3eab1338cf57acc097cdfd687a2b40c1f415b01f8bf0137f6cb3ae61b
2024-02-18 21:38:35,071 INFO  [tc.doc.io/postgres:14] (build-6) Container docker.io/postgres:14 is starting: b20b7a6859652f6e67b865b56fee7a5e483061fef02945372c34f7fb0213fc50
2024-02-18 21:38:37,295 INFO  [tc.doc.io/postgres:14] (build-6) Container docker.io/postgres:14 started in PT4.741199S
2024-02-18 21:38:37,299 INFO  [tc.doc.io/postgres:14] (build-6) Container is started (JDBC URL: jdbc:postgresql://localhost:3456/Ecobasket?loggerLevel=OFF)
2024-02-18 21:38:37,299 INFO  [io.qua.dev.pos.dep.PostgresqlDevServicesProcessor] (build-6) Dev Services for PostgreSQL started.
2024-02-18 21:38:37,303 INFO  [io.qua.dat.dep.dev.DevServicesDatasourceProcessor] (build-6) Dev Services for default datasource (postgresql) started - container ID is b20b7a685965
2024-02-18 21:39:04,441 INFO  [tc.qua.io/.0.4] (build-3) Container quay.io/keycloak/keycloak:23.0.4 started in PT31.562447S
2024-02-18 21:39:11,240 INFO  [io.qua.oid.dep.dev.key.KeycloakDevServicesProcessor] (build-3) Dev Services for Keycloak started.
2024-02-18 21:39:12,168 WARN  [io.qua.config] (main) Unrecognized configuration key "quarkus.keycloak.policy-enforcer.paths.public2.path" was provided; it will be ignored; verify that the dependency extension for this configuration is set or that you did not make a typo
2024-02-18 21:39:12,172 WARN  [io.qua.config] (main) Unrecognized configuration key "quarkus.keycloak.policy-enforcer.paths.public3.path" was provided; it will be ignored; verify that the dependency extension for this configuration is set or that you did not make a typo
2024-02-18 21:39:12,174 WARN  [io.qua.config] (main) Unrecognized configuration key "quarkus.keycloak.policy-enforcer.paths.public3.enforcement-mode" was provided; it will be ignored; verify that the dependency extension for this configuration is set or that you did not make a typo
2024-02-18 21:39:12,174 WARN  [io.qua.config] (main) Unrecognized configuration key "quarkus.qute.precompile-templates" was provided; it will be ignored; verify that the dependency extension for this configuration is set or that you did not make a typo
2024-02-18 21:39:12,175 WARN  [io.qua.config] (main) Unrecognized configuration key "quarkus.keycloak.policy-enforcer.paths.public2.enforcement-mode" was provided; it will be ignored; verify that the dependency extension for this configuration is set or that you did not make a typo
2024-02-18 21:39:14,210 INFO  [liq.database] (main) Set default schema name to public
2024-02-18 21:39:14,309 INFO  [liq.lockservice] (main) Changelog-Protokoll erfolgreich gesperrt.
2024-02-18 21:39:14,604 INFO  [liq.changelog] (main) Creating database history table with name: public.databasechangelog
2024-02-18 21:39:14,615 INFO  [liq.changelog] (main) Reading from public.databasechangelog
Keine Fehler bei der Validierung gefunden.
2024-02-18 21:39:14,647 INFO  [liq.command] (main) Command execution complete
2024-02-18 21:39:14,703 INFO  [liq.changelog] (main) Reading from public.databasechangelog
2024-02-18 21:39:14,725 INFO  [liq.command] (main) Using deploymentId: 8288754725
2024-02-18 21:39:14,727 INFO  [liq.changelog] (main) Reading from public.databasechangelog
Running Changeset: db/changeLog.xml::startup-schema::Finn
2024-02-18 21:39:14,763 INFO  [liq.changelog] (main) Table KUNDE created
2024-02-18 21:39:14,767 INFO  [liq.changelog] (main) Table SORTIMENT created
2024-02-18 21:39:14,772 INFO  [liq.changelog] (main) Table ADRESSE created
2024-02-18 21:39:14,776 INFO  [liq.changelog] (main) Table LAGER created
2024-02-18 21:39:14,779 INFO  [liq.changelog] (main) Table WARENKORB created
2024-02-18 21:39:14,783 INFO  [liq.changelog] (main) Table POSITION created
2024-02-18 21:39:14,786 INFO  [liq.changelog] (main) Table WARENKORB_POSITION created
2024-02-18 21:39:14,788 INFO  [liq.changelog] (main) Table BESTAND created
2024-02-18 21:39:14,792 INFO  [liq.changelog] (main) Table LAGER_BESTAND created
2024-02-18 21:39:14,794 INFO  [liq.changelog] (main) ChangeSet db/changeLog.xml::startup-schema::Finn ran successfully in 40ms
Running Changeset: db/changeLog.xml::insert-data::Finn
2024-02-18 21:39:14,809 INFO  [liq.changelog] (main) New row inserted into SORTIMENT
2024-02-18 21:39:14,810 INFO  [liq.changelog] (main) New row inserted into SORTIMENT
2024-02-18 21:39:14,811 INFO  [liq.changelog] (main) New row inserted into SORTIMENT
2024-02-18 21:39:14,813 INFO  [liq.changelog] (main) New row inserted into LAGER
2024-02-18 21:39:14,814 INFO  [liq.changelog] (main) New row inserted into LAGER
2024-02-18 21:39:14,816 INFO  [liq.changelog] (main) New row inserted into LAGER
2024-02-18 21:39:14,822 INFO  [liq.changelog] (main) New row inserted into BESTAND
2024-02-18 21:39:14,824 INFO  [liq.changelog] (main) New row inserted into BESTAND
2024-02-18 21:39:14,825 INFO  [liq.changelog] (main) New row inserted into BESTAND
2024-02-18 21:39:14,827 INFO  [liq.changelog] (main) New row inserted into LAGER_BESTAND
2024-02-18 21:39:14,829 INFO  [liq.changelog] (main) New row inserted into LAGER_BESTAND
2024-02-18 21:39:14,830 INFO  [liq.changelog] (main) New row inserted into LAGER_BESTAND
2024-02-18 21:39:14,831 INFO  [liq.changelog] (main) ChangeSet db/changeLog.xml::insert-data::Finn ran successfully in 26ms

UPDATE SUMMARY
Run:                          2
Previously run:               0
Filtered out:                 0
-------------------------------
Total change sets:            2

2024-02-18 21:39:14,836 INFO  [liq.util] (main) UPDATE SUMMARY
2024-02-18 21:39:14,836 INFO  [liq.util] (main) Run:                          2
2024-02-18 21:39:14,837 INFO  [liq.util] (main) Previously run:               0
2024-02-18 21:39:14,837 INFO  [liq.util] (main) Filtered out:                 0
2024-02-18 21:39:14,837 INFO  [liq.util] (main) -------------------------------
2024-02-18 21:39:14,837 INFO  [liq.util] (main) Total change sets:            2
2024-02-18 21:39:14,837 INFO  [liq.util] (main) Update summary generated
2024-02-18 21:39:14,838 INFO  [liq.command] (main) Update command completed successfully.
Liquibase: Update has been successful. Rows affected: 14
2024-02-18 21:39:14,842 INFO  [liq.lockservice] (main) Successfully released change log lock
2024-02-18 21:39:14,842 INFO  [liq.command] (main) Command execution complete
2024-02-18 21:39:14,845 INFO  [liq.lockservice] (main) Successfully released change log lock
2024-02-18 21:39:15,746 INFO  [io.quarkus] (main) ecobasket 1.0.0-SNAPSHOT on JVM (powered by Quarkus 3.7.1) started in 46.126s. Listening on: http://localhost:8081
2024-02-18 21:39:15,747 INFO  [io.quarkus] (main) Profile test activated. 
2024-02-18 21:39:15,747 INFO  [io.quarkus] (main) Installed features: [agroal, cdi, hibernate-orm, jdbc-postgresql, liquibase, narayana-jta, oidc, qute, rest-client-reactive, rest-client-reactive-jackson, resteasy-reactive, resteasy-reactive-jsonb, resteasy-reactive-qute, security, smallrye-context-propagation, smallrye-jwt, smallrye-openapi, swagger-ui, vertx]
2024-02-18 21:39:17,524 INFO  [de.hso.swa.Kun.con.Key.KeycloakService] (executor-thread-1) Role 'user' assigned to user: testuser 0b43bc46-deb2-4989-9841-6e7dd7097ee2
2024-02-18 21:39:17,700 INFO  [de.hso.swa.Kun.bou.KundeRessource] (executor-thread-1) new costumer Added
2024-02-18 21:39:17,750 INFO  [de.hso.swa.Kun.bou.KundeRessource] (executor-thread-2) warenKorb created by Event with ID : b94f36e4-c406-4e75-b3fb-e7ee1d8bdb27
2024-02-18 21:39:17,828 INFO  [de.hso.swa.Kun.con.Key.KeycloakService] (executor-thread-1) Role 'user' assigned to user: test1 d6ad9579-28e1-427c-896d-6f9bd26373f3
2024-02-18 21:39:17,832 INFO  [de.hso.swa.Kun.bou.KundeRessource] (executor-thread-1) new costumer Added
2024-02-18 21:39:17,838 INFO  [de.hso.swa.Kun.bou.KundeRessource] (executor-thread-2) warenKorb created by Event with ID : 8f6ae23d-6cad-4f6b-84c1-533f2b4b4c60
]]></system-out>
  </testcase>
  <testcase name="getAllKundeTestOnlyUnAuthorized" classname="org.hsos.AllTests" time="0.144"/>
  <testcase name="addKundeTest" classname="org.hsos.AllTests" time="0.2">
    <system-out><![CDATA[2024-02-18 21:39:18,394 INFO  [de.hso.swa.Kun.con.Key.KeycloakService] (executor-thread-1) Role 'user' assigned to user: test 572670d7-22e3-4058-ac15-44e652c25790
2024-02-18 21:39:18,399 INFO  [de.hso.swa.Kun.bou.KundeRessource] (executor-thread-1) new costumer Added
]]></system-out>
  </testcase>
  <testcase name="TokensArePresent" classname="org.hsos.AllTests" time="0.11">
    <system-out><![CDATA[2024-02-18 21:39:18,404 INFO  [de.hso.swa.Kun.bou.KundeRessource] (executor-thread-2) warenKorb created by Event with ID : 976f2caa-36cf-4dea-b97a-5ec3be7fdf97
]]></system-out>
  </testcase>
  <testcase name="createLagerAddBestandFlowTest" classname="org.hsos.AllTests" time="0.23"/>
  <testcase name="addSortimentTest" classname="org.hsos.AllTests" time="0.127"/>
  <testcase name="SortimentAddGetDeleteFlowTest" classname="org.hsos.AllTests" time="0.171">
    <system-out><![CDATA[f72e379c-afe4-4eda-8694-f034ce07ff80
]]></system-out>
  </testcase>
  <testcase name="getAllSortimentTestOnlyAdmin" classname="org.hsos.AllTests" time="0.129"/>
  <testcase name="addSortimentUserNotAllowedTest" classname="org.hsos.AllTests" time="0.167"/>
  <testcase name="getAllKundeTestOnlyAdmin" classname="org.hsos.AllTests" time="0.117"/>
</testsuite>