<?xml version="1.0" encoding="UTF-8"?>
<testsuite xmlns:xsi="http://www.w3.org/2001/XMLSchema-instance" xsi:noNamespaceSchemaLocation="https://maven.apache.org/surefire/maven-surefire-plugin/xsd/surefire-test-report-3.0.xsd" version="3.0" name="org.hsos.KundeTests" time="41.173" tests="9" errors="0" skipped="0" failures="0">
  <properties>
[...]
</properties>
  <testcase name="testAddAndGetKunde" classname="org.hsos.KundeTests" time="2.087">
    <system-out><![CDATA[2024-02-12 12:42:38,469 INFO  [org.tes.doc.DockerClientProviderStrategy] (build-56) Loaded org.testcontainers.dockerclient.UnixSocketClientProviderStrategy from ~/.testcontainers.properties, will try it first
2024-02-12 12:42:39,040 INFO  [org.tes.doc.DockerClientProviderStrategy] (build-56) Found Docker environment with local Unix socket (unix:///var/run/docker.sock)
2024-02-12 12:42:39,042 INFO  [org.tes.DockerClientFactory] (build-56) Docker host IP address is localhost
2024-02-12 12:42:39,077 INFO  [org.tes.DockerClientFactory] (build-56) Connected to docker: 
  Server Version: 24.0.6
  API Version: 1.43
  Operating System: Docker Desktop
  Total Memory: 3932 MB
2024-02-12 12:42:39,101 INFO  [org.tes.ima.PullPolicy] (build-56) Image pull policy will be performed by: DefaultPullPolicy()
2024-02-12 12:42:39,102 INFO  [org.tes.uti.ImageNameSubstitutor] (build-56) Image name substitution will be performed by: DefaultImageNameSubstitutor (composite of 'ConfigurationFileImageNameSubstitutor' and 'PrefixingImageNameSubstitutor')
2024-02-12 12:42:39,106 INFO  [org.tes.DockerClientFactory] (build-56) Checking the system...
2024-02-12 12:42:39,107 INFO  [org.tes.DockerClientFactory] (build-56) ✔︎ Docker server version should be at least 1.6.0
2024-02-12 12:42:39,246 INFO  [tc.doc.io/postgres:14] (build-56) Creating container for image: docker.io/postgres:14
2024-02-12 12:42:39,550 INFO  [io.qua.oid.dep.dev.key.KeycloakDevServicesProcessor] (build-29) Using Quarkus powered Keycloak distribution
2024-02-12 12:42:39,550 INFO  [tc.qua.io/.0.4] (build-29) Creating container for image: quay.io/keycloak/keycloak:23.0.4
2024-02-12 12:42:40,436 INFO  [org.tes.uti.RegistryAuthLocator] (build-56) Credential helper/store (docker-credential-desktop) does not have credentials for docker.io
2024-02-12 12:42:40,440 INFO  [org.tes.uti.RegistryAuthLocator] (build-29) Credential helper/store (docker-credential-desktop) does not have credentials for quay.io
2024-02-12 12:42:40,446 WARN  [tc.doc.io/postgres:14] (build-56) Reuse was requested but the environment does not support the reuse of containers
To enable reuse of containers, you must set 'testcontainers.reuse.enable=true' in a file located at /Users/malik/.testcontainers.properties
2024-02-12 12:42:40,446 INFO  [tc.tes.6.0] (build-29) Creating container for image: testcontainers/ryuk:0.6.0
2024-02-12 12:42:40,700 INFO  [org.tes.uti.RegistryAuthLocator] (build-29) Credential helper/store (docker-credential-desktop) does not have credentials for https://index.docker.io/v1/
2024-02-12 12:42:41,018 INFO  [tc.tes.6.0] (build-29) Container testcontainers/ryuk:0.6.0 is starting: 74d62cf3bb987718e612ac7c97daff71c3b63e1b3e50c47ce8373e7771f5ff2f
2024-02-12 12:42:41,567 INFO  [tc.tes.6.0] (build-29) Container testcontainers/ryuk:0.6.0 started in PT1.120639S
2024-02-12 12:42:41,636 INFO  [tc.qua.io/.0.4] (build-29) Container quay.io/keycloak/keycloak:23.0.4 is starting: 03dbf8562e5f381f121fe4f8542a048678fc1b1929e490fe90caa79225135e96
2024-02-12 12:42:41,636 INFO  [tc.doc.io/postgres:14] (build-56) Container docker.io/postgres:14 is starting: 68c8294cfe76184e569789e7e8338eb74ed1aa4c5c8026947cd102b33f0e3218
2024-02-12 12:42:43,975 INFO  [tc.doc.io/postgres:14] (build-56) Container docker.io/postgres:14 started in PT4.72864S
2024-02-12 12:42:43,979 INFO  [tc.doc.io/postgres:14] (build-56) Container is started (JDBC URL: jdbc:postgresql://localhost:3456/Ecobasket?loggerLevel=OFF)
2024-02-12 12:42:43,979 INFO  [io.qua.dev.pos.dep.PostgresqlDevServicesProcessor] (build-56) Dev Services for PostgreSQL started.
2024-02-12 12:42:43,983 INFO  [io.qua.dat.dep.dev.DevServicesDatasourceProcessor] (build-56) Dev Services for default datasource (postgresql) started - container ID is 68c8294cfe76
2024-02-12 12:43:06,276 INFO  [tc.qua.io/.0.4] (build-29) Container quay.io/keycloak/keycloak:23.0.4 started in PT26.724741S
2024-02-12 12:43:09,517 INFO  [io.qua.oid.dep.dev.key.KeycloakDevServicesProcessor] (build-29) Dev Services for Keycloak started.
2024-02-12 12:43:10,135 WARN  [io.qua.config] (main) Unrecognized configuration key "quarkus.keycloak.policy-enforcer.paths.public2.path" was provided; it will be ignored; verify that the dependency extension for this configuration is set or that you did not make a typo
2024-02-12 12:43:10,137 WARN  [io.qua.config] (main) Unrecognized configuration key "quarkus.keycloak.policy-enforcer.paths.public3.path" was provided; it will be ignored; verify that the dependency extension for this configuration is set or that you did not make a typo
2024-02-12 12:43:10,138 WARN  [io.qua.config] (main) Unrecognized configuration key "quarkus.keycloak.policy-enforcer.paths.public3.enforcement-mode" was provided; it will be ignored; verify that the dependency extension for this configuration is set or that you did not make a typo
2024-02-12 12:43:10,138 WARN  [io.qua.config] (main) Unrecognized configuration key "quarkus.qute.precompile-templates" was provided; it will be ignored; verify that the dependency extension for this configuration is set or that you did not make a typo
2024-02-12 12:43:10,139 WARN  [io.qua.config] (main) Unrecognized configuration key "quarkus.keycloak.policy-enforcer.paths.public2.enforcement-mode" was provided; it will be ignored; verify that the dependency extension for this configuration is set or that you did not make a typo
2024-02-12 12:43:11,653 INFO  [liq.database] (main) Set default schema name to public
2024-02-12 12:43:11,717 INFO  [liq.lockservice] (main) Changelog-Protokoll erfolgreich gesperrt.
2024-02-12 12:43:12,017 INFO  [liq.changelog] (main) Creating database history table with name: public.databasechangelog
2024-02-12 12:43:12,030 INFO  [liq.changelog] (main) Reading from public.databasechangelog
Keine Fehler bei der Validierung gefunden.
2024-02-12 12:43:12,063 INFO  [liq.command] (main) Command execution complete
2024-02-12 12:43:12,128 INFO  [liq.changelog] (main) Reading from public.databasechangelog
2024-02-12 12:43:12,160 INFO  [liq.command] (main) Using deploymentId: 7738192160
2024-02-12 12:43:12,163 INFO  [liq.changelog] (main) Reading from public.databasechangelog
Running Changeset: db/changeLog.xml::startup-schema::Finn
2024-02-12 12:43:12,228 INFO  [liq.changelog] (main) Table KUNDE created
2024-02-12 12:43:12,237 INFO  [liq.changelog] (main) Table SORTIMENT created
2024-02-12 12:43:12,243 INFO  [liq.changelog] (main) Table ADRESSE created
2024-02-12 12:43:12,246 INFO  [liq.changelog] (main) Table LAGER created
2024-02-12 12:43:12,249 INFO  [liq.changelog] (main) Table WARENKORB created
2024-02-12 12:43:12,252 INFO  [liq.changelog] (main) Table POSITION created
2024-02-12 12:43:12,256 INFO  [liq.changelog] (main) Table WARENKORB_POSITION created
2024-02-12 12:43:12,259 INFO  [liq.changelog] (main) Table BESTAND created
2024-02-12 12:43:12,265 INFO  [liq.changelog] (main) Table LAGER_BESTAND created
2024-02-12 12:43:12,267 INFO  [liq.changelog] (main) ChangeSet db/changeLog.xml::startup-schema::Finn ran successfully in 63ms
Running Changeset: db/changeLog.xml::insert-data::Finn
2024-02-12 12:43:12,284 INFO  [liq.changelog] (main) New row inserted into SORTIMENT
2024-02-12 12:43:12,285 INFO  [liq.changelog] (main) New row inserted into SORTIMENT
2024-02-12 12:43:12,286 INFO  [liq.changelog] (main) New row inserted into SORTIMENT
2024-02-12 12:43:12,288 INFO  [liq.changelog] (main) New row inserted into LAGER
2024-02-12 12:43:12,289 INFO  [liq.changelog] (main) New row inserted into LAGER
2024-02-12 12:43:12,291 INFO  [liq.changelog] (main) New row inserted into LAGER
2024-02-12 12:43:12,292 INFO  [liq.changelog] (main) New row inserted into BESTAND
2024-02-12 12:43:12,293 INFO  [liq.changelog] (main) New row inserted into BESTAND
2024-02-12 12:43:12,294 INFO  [liq.changelog] (main) New row inserted into BESTAND
2024-02-12 12:43:12,296 INFO  [liq.changelog] (main) New row inserted into LAGER_BESTAND
2024-02-12 12:43:12,297 INFO  [liq.changelog] (main) New row inserted into LAGER_BESTAND
2024-02-12 12:43:12,298 INFO  [liq.changelog] (main) New row inserted into LAGER_BESTAND
2024-02-12 12:43:12,299 INFO  [liq.changelog] (main) ChangeSet db/changeLog.xml::insert-data::Finn ran successfully in 18ms

UPDATE SUMMARY
Run:                          2
Previously run:               0
Filtered out:                 0
-------------------------------
Total change sets:            2

2024-02-12 12:43:12,305 INFO  [liq.util] (main) UPDATE SUMMARY
2024-02-12 12:43:12,305 INFO  [liq.util] (main) Run:                          2
2024-02-12 12:43:12,305 INFO  [liq.util] (main) Previously run:               0
2024-02-12 12:43:12,306 INFO  [liq.util] (main) Filtered out:                 0
2024-02-12 12:43:12,306 INFO  [liq.util] (main) -------------------------------
2024-02-12 12:43:12,306 INFO  [liq.util] (main) Total change sets:            2
2024-02-12 12:43:12,306 INFO  [liq.util] (main) Update summary generated
2024-02-12 12:43:12,307 INFO  [liq.command] (main) Update command completed successfully.
Liquibase: Update has been successful. Rows affected: 14
2024-02-12 12:43:12,310 INFO  [liq.lockservice] (main) Successfully released change log lock
2024-02-12 12:43:12,311 INFO  [liq.command] (main) Command execution complete
2024-02-12 12:43:12,313 INFO  [liq.lockservice] (main) Successfully released change log lock
2024-02-12 12:43:13,003 INFO  [io.quarkus] (main) ecobasket 1.0.0-SNAPSHOT on JVM (powered by Quarkus 3.7.1) started in 36.824s. Listening on: http://localhost:8081
2024-02-12 12:43:13,005 INFO  [io.quarkus] (main) Profile test activated. 
2024-02-12 12:43:13,005 INFO  [io.quarkus] (main) Installed features: [agroal, cdi, hibernate-orm, jdbc-postgresql, liquibase, narayana-jta, oidc, qute, rest-client-reactive, rest-client-reactive-jackson, resteasy-reactive, resteasy-reactive-jsonb, resteasy-reactive-qute, security, smallrye-context-propagation, smallrye-jwt, smallrye-openapi, swagger-ui, vertx]
2024-02-12 12:43:14,727 INFO  [de.hso.swa.Kun.con.Key.KeycloakService] (executor-thread-1) Role 'user' assigned to user: testuser 8bc9b08c-7385-4971-bc97-3c4082f13bdc
2024-02-12 12:43:14,858 INFO  [de.hso.swa.Kun.bou.KundeRessource] (executor-thread-1) new costumer Added
2024-02-12 12:43:14,882 INFO  [de.hso.swa.Kun.bou.KundeRessource] (executor-thread-2) warenKorb created by Event with ID : 1b122c54-749a-4c4e-a930-d13bc23531e8
2024-02-12 12:43:14,941 INFO  [de.hso.swa.Kun.con.Key.KeycloakService] (executor-thread-1) Role 'user' assigned to user: test1 c844d356-f291-479f-9438-90b7694835dd
2024-02-12 12:43:14,944 INFO  [de.hso.swa.Kun.bou.KundeRessource] (executor-thread-1) new costumer Added
2024-02-12 12:43:14,950 INFO  [de.hso.swa.Kun.bou.KundeRessource] (executor-thread-2) warenKorb created by Event with ID : ea560022-f560-4341-8233-5fecbce82f67
]]></system-out>
  </testcase>
  <testcase name="getAllKundeTestOnlyUnAuthorized" classname="org.hsos.KundeTests" time="0.13"/>
  <testcase name="addKundeTest" classname="org.hsos.KundeTests" time="0.219">
    <system-out><![CDATA[2024-02-12 12:43:15,448 INFO  [de.hso.swa.Kun.con.Key.KeycloakService] (executor-thread-1) Role 'user' assigned to user: test cf22c737-6a52-4df9-bf01-9d581b6f8426
2024-02-12 12:43:15,452 INFO  [de.hso.swa.Kun.bou.KundeRessource] (executor-thread-1) new costumer Added
]]></system-out>
  </testcase>
  <testcase name="LagerAddGetDeleteFlowTest" classname="org.hsos.KundeTests" time="0.229">
    <system-out><![CDATA[2024-02-12 12:43:15,460 INFO  [de.hso.swa.Kun.bou.KundeRessource] (executor-thread-2) warenKorb created by Event with ID : 65402ee6-1920-4032-8466-57f5e6ac0d73
]]></system-out>
  </testcase>
  <testcase name="addSortimentTest" classname="org.hsos.KundeTests" time="0.125"/>
  <testcase name="SortimentAddGetDeleteFlowTest" classname="org.hsos.KundeTests" time="0.186">
    <system-out><![CDATA[18b08937-335b-402f-b36a-7a6907ff2df0
]]></system-out>
  </testcase>
  <testcase name="getAllSortimentTestOnlyAdmin" classname="org.hsos.KundeTests" time="0.19"/>
  <testcase name="addSortimentUserNotAllowedTest" classname="org.hsos.KundeTests" time="0.125"/>
  <testcase name="getAllKundeTestOnlyAdmin" classname="org.hsos.KundeTests" time="0.128"/>
</testsuite>